<?xml version="1.0" encoding="UTF-8"?>
<!-- Generated by org.testng.reporters.JUnitReportReporter -->
<testsuite hostname="DESKTOP-OTBCV93" failures="0" tests="1" name="com.api.test.QCcheck" time="1.644" errors="0" timestamp="2024-01-17T21:53:52 GST" skipped="0">
  <testcase classname="com.api.test.QCcheck" name="createjobTest" time="1.644"/>
</testsuite> <!-- com.api.test.QCcheck -->
