<?xml version="1.0" encoding="UTF-8"?>
<!-- Generated by org.testng.reporters.JUnitReportReporter -->
<testsuite hostname="DESKTOP-OTBCV93" failures="0" tests="1" name="restassuredassignment.ListofUsers" time="3.585" errors="0" timestamp="2023-12-30T19:53:59 GST" skipped="0">
  <testcase classname="restassuredassignment.ListofUsers" name="ListofUsersTest" time="3.585"/>
</testsuite> <!-- restassuredassignment.ListofUsers -->
