<?xml version="1.0" encoding="UTF-8"?>
<!-- Generated by org.testng.reporters.JUnitReportReporter -->
<testsuite hostname="DESKTOP-OTBCV93" failures="0" tests="1" name="com.api.test.LoginasEng1" time="2.897" errors="0" timestamp="2023-12-25T21:59:37 GST" skipped="0">
  <testcase classname="com.api.test.LoginasEng1" name="LoginasEng1" time="2.897"/>
</testsuite> <!-- com.api.test.LoginasEng1 -->
