<?xml version="1.0" encoding="UTF-8"?>
<!-- Generated by org.testng.reporters.JUnitReportReporter -->
<testsuite hostname="DESKTOP-OTBCV93" failures="0" tests="1" name="com.api.test.PendingjobstoAssign" time="4.481" errors="0" timestamp="2024-01-17T21:53:52 GST" skipped="0">
  <testcase classname="com.api.test.PendingjobstoAssign" name="MappedEngineerUnderSupervisor" time="4.481"/>
</testsuite> <!-- com.api.test.PendingjobstoAssign -->
