<?xml version="1.0" encoding="UTF-8"?>
<!-- Generated by org.testng.reporters.JUnitReportReporter -->
<testsuite hostname="DESKTOP-OTBCV93" failures="0" tests="1" name="com.api.test.UserdetailsAPIrequest" time="0.662" errors="0" timestamp="2023-12-28T11:43:58 GST" skipped="0">
  <testcase classname="com.api.test.UserdetailsAPIrequest" name="Userdetails" time="0.662"/>
</testsuite> <!-- com.api.test.UserdetailsAPIrequest -->
