<?xml version="1.0" encoding="UTF-8"?>
<!-- Generated by org.testng.reporters.JUnitReportReporter -->
<testsuite hostname="DESKTOP-OTBCV93" failures="0" tests="1" name="restassuredassignment.CreatenewUser" time="3.433" errors="0" timestamp="2023-12-30T14:55:33 GST" skipped="0">
  <testcase classname="restassuredassignment.CreatenewUser" name="CreatenewUserTest" time="3.433"/>
</testsuite> <!-- restassuredassignment.CreatenewUser -->
