<?xml version="1.0" encoding="UTF-8"?>
<!-- Generated by org.testng.reporters.JUnitReportReporter -->
<testsuite hostname="DESKTOP-OTBCV93" failures="0" tests="1" name="com.api.test.QCcompleted" time="0.543" errors="0" timestamp="17 Jan 2024 17:59:34 GMT" skipped="0">
  <testcase classname="com.api.test.QCcompleted" name="createjobTest" time="0.543"/>
</testsuite> <!-- com.api.test.QCcompleted -->
