<?xml version="1.0" encoding="UTF-8"?>
<!-- Generated by org.testng.reporters.JUnitReportReporter -->
<testsuite hostname="DESKTOP-OTBCV93" failures="0" tests="1" name="com.api.test.CreateJob" time="3.125" errors="0" timestamp="2023-12-26T11:27:25 GST" skipped="0">
  <testcase classname="com.api.test.CreateJob" name="createjobTest" time="3.125"/>
</testsuite> <!-- com.api.test.CreateJob -->
