<?xml version="1.0" encoding="UTF-8"?>
<!-- Generated by org.testng.reporters.JUnitReportReporter -->
<testsuite hostname="DESKTOP-OTBCV93" failures="0" tests="1" name="com.api.test.Dashboard_Count" time="4.885" errors="0" timestamp="2023-12-30T19:57:16 GST" skipped="0">
  <testcase classname="com.api.test.Dashboard_Count" name="dashBoardCount" time="4.885"/>
</testsuite> <!-- com.api.test.Dashboard_Count -->
