<?xml version="1.0" encoding="UTF-8"?>
<!-- Generated by org.testng.reporters.JUnitReportReporter -->
<testsuite hostname="DESKTOP-OTBCV93" failures="0" tests="1" name="com.api.test.CreateJobITestContext" time="5.164" errors="0" timestamp="17 Jan 2024 18:06:46 GMT" skipped="0">
  <testcase classname="com.api.test.CreateJobITestContext" name="createjobTest" time="5.164"/>
</testsuite> <!-- com.api.test.CreateJobITestContext -->
