<?xml version="1.0" encoding="UTF-8"?>
<!-- Generated by org.testng.reporters.JUnitReportReporter -->
<testsuite hostname="DESKTOP-OTBCV93" failures="0" tests="1" name="com.api.test.GetEngJoblist" time="5.211" errors="0" timestamp="2023-12-25T20:49:42 GST" skipped="0">
  <testcase classname="com.api.test.GetEngJoblist" name="dashBoardCount" time="5.211"/>
</testsuite> <!-- com.api.test.GetEngJoblist -->
