<?xml version="1.0" encoding="UTF-8"?>
<!-- Generated by org.testng.reporters.JUnitReportReporter -->
<testsuite hostname="DESKTOP-OTBCV93" failures="0" tests="3" name="com.api.test.test" time="9.841" errors="0" timestamp="2023-12-20T16:03:00 GST" skipped="0">
  <testcase classname="com.api.test.test" name="createjobTest" time="6.144"/>
  <testcase classname="com.api.test.test" name="MappedEngineerUnderSupervisor" time="1.848"/>
  <testcase classname="com.api.test.test" name="AssignjobtoEngineer" time="1.849"/>
</testsuite> <!-- com.api.test.test -->
