<?xml version="1.0" encoding="UTF-8"?>
<!-- Generated by org.testng.reporters.JUnitReportReporter -->
<testsuite hostname="DESKTOP-OTBCV93" failures="0" tests="1" name="com.api.test.LoginAPIrequest3" time="4.841" errors="0" timestamp="18 Jan 2024 13:10:16 GMT" skipped="0">
  <testcase classname="com.api.test.LoginAPIrequest3" name="loginAPITest" time="4.841"/>
</testsuite> <!-- com.api.test.LoginAPIrequest3 -->
