<?xml version="1.0" encoding="UTF-8"?>
<!-- Generated by org.testng.reporters.JUnitReportReporter -->
<testsuite hostname="DESKTOP-OTBCV93" failures="0" tests="1" name="com.api.test.MappedEngineerUnderSupervisorITestContest" time="3.830" errors="0" timestamp="17 Jan 2024 18:07:05 GMT" skipped="0">
  <testcase classname="com.api.test.MappedEngineerUnderSupervisorITestContest" name="MappedEngineerUnderSupervisor" time="3.830"/>
</testsuite> <!-- com.api.test.MappedEngineerUnderSupervisorITestContest -->
