<?xml version="1.0" encoding="UTF-8"?>
<!-- Generated by org.testng.reporters.JUnitReportReporter -->
<testsuite hostname="DESKTOP-OTBCV93" failures="0" tests="1" name="com.api.test.EngMaster" time="4.241" errors="0" timestamp="2023-12-25T22:06:56 GST" skipped="0">
  <testcase classname="com.api.test.EngMaster" name="EngMasterTest" time="4.241"/>
</testsuite> <!-- com.api.test.EngMaster -->
