<?xml version="1.0" encoding="UTF-8"?>
<!-- Generated by org.testng.reporters.JUnitReportReporter -->
<testsuite hostname="DESKTOP-OTBCV93" failures="0" tests="1" name="com.api.test.PendingforAssignment" time="4.499" errors="0" timestamp="2023-12-26T11:31:40 GST" skipped="0">
  <testcase classname="com.api.test.PendingforAssignment" name="PendingforAssignment" time="4.499"/>
</testsuite> <!-- com.api.test.PendingforAssignment -->
