<?xml version="1.0" encoding="UTF-8"?>
<!-- Generated by org.testng.reporters.JUnitReportReporter -->
<testsuite hostname="DESKTOP-OTBCV93" failures="0" tests="1" name="com.api.test.MappedEngineerUnderSupervisor" time="2.743" errors="0" timestamp="2023-12-26T11:28:06 GST" skipped="0">
  <testcase classname="com.api.test.MappedEngineerUnderSupervisor" name="MappedEngineerUnderSupervisor" time="2.743"/>
</testsuite> <!-- com.api.test.MappedEngineerUnderSupervisor -->
